============================================================
Time  2020/05/19 13:29:53 888 
============================================================
[2020/05/19 13:29:53 888] isr        1659 isr loaded!  
[2020/05/19 13:29:53 888] isr        1642 SYS_MSG_REGCB param0 =   msp_status_cb  param1 =   func(e002edf0) 
[2020/05/19 13:29:53 889] isr        1537 ASR_MSG_SSB  
[2020/05/19 13:29:53 889] isr        1066 session_begin() [in], params:   sub = iat, domain = iat, language = zh_cn, accent = mandarin, sample_rate = 16000, result_type = plain, result_encoding = utf8  nil  
[2020/05/19 13:29:53 889] isr        927  vad_set [in]  
[2020/05/19 13:29:53 889] isr        962  vad_enable :  true  
[2020/05/19 13:29:53 889] isr        980  vad_bos :  10000  
[2020/05/19 13:29:53 889] isr        981  vad_eos :  2000  
[2020/05/19 13:29:53 889] isr        886  enable_vad [in]  
[2020/05/19 13:29:53 890] isr        918  vad enabled!  2000  10000  
[2020/05/19 13:29:53 890] isr        921  enable_vad [out]  
[2020/05/19 13:29:53 890] isr        987  vad_set [out] | ret =  0  
[2020/05/19 13:29:53 890] isr        1187 cur_engine_type =   cloud  
[2020/05/19 13:29:53 890] isr        1001 cloud_session_begin  
[2020/05/19 13:29:53 890] isr        1013 standard  
[2020/05/19 13:29:54 045] isr        691  cloud_err_cb errorcode =   10407  detail =   MSS:bad response:10407  
[2020/05/19 13:29:54 046] isr        399  error occurred:   cloud  10407  
[2020/05/19 13:29:54 130] isr        1547 ASR_MSG_AUW,   cloud  
[2020/05/19 13:29:54 130] isr        1559 3200  1  
[2020/05/19 13:29:54 130] isr        1569 once_bytes:   3200  
[2020/05/19 13:29:54 131] isr        1639 ASR_MSG_SSE,   cloud  
[2020/05/19 13:29:54 131] isr        1356 session_end() [in]  
[2020/05/19 13:29:54 131] isr        1421 cloud_session_end() [in]  
[2020/05/19 13:29:54 133] isr        1488 ns_host=  open.xf-yun.com  
[2020/05/19 13:29:54 134] isr        1498 tick()mod=  74269704  
[2020/05/19 13:29:54 134] isr        1499 tick()=  74269704  
[2020/05/19 13:29:54 134] isr        1501 diff=  129  
[2020/05/19 13:29:54 134] isr        1514 cloud_session_end() [out]  
[2020/05/19 13:29:54 135] isr        1667 isr unload!  
============================================================
Time  2020/05/19 13:30:33 687 
============================================================
[2020/05/19 13:30:33 687] isr        1659 isr loaded!  
[2020/05/19 13:30:33 687] isr        1642 SYS_MSG_REGCB param0 =   msp_status_cb  param1 =   func(8002f1e0) 
[2020/05/19 13:30:33 688] isr        1537 ASR_MSG_SSB  
[2020/05/19 13:30:33 688] isr        1066 session_begin() [in], params:   sub = iat, domain = iat, language = zh_cn, accent = mandarin, sample_rate = 16000, result_type = plain, result_encoding = utf8  nil  
[2020/05/19 13:30:33 688] isr        927  vad_set [in]  
[2020/05/19 13:30:33 688] isr        962  vad_enable :  true  
[2020/05/19 13:30:33 688] isr        980  vad_bos :  10000  
[2020/05/19 13:30:33 688] isr        981  vad_eos :  2000  
[2020/05/19 13:30:33 688] isr        886  enable_vad [in]  
[2020/05/19 13:30:33 689] isr        918  vad enabled!  2000  10000  
[2020/05/19 13:30:33 689] isr        921  enable_vad [out]  
[2020/05/19 13:30:33 689] isr        987  vad_set [out] | ret =  0  
[2020/05/19 13:30:33 690] isr        1187 cur_engine_type =   cloud  
[2020/05/19 13:30:33 690] isr        1001 cloud_session_begin  
[2020/05/19 13:30:33 690] isr        1013 standard  
[2020/05/19 13:30:33 848] isr        691  cloud_err_cb errorcode =   10407  detail =   MSS:bad response:10407  
[2020/05/19 13:30:33 848] isr        399  error occurred:   cloud  10407  
[2020/05/19 13:30:33 929] isr        1547 ASR_MSG_AUW,   cloud  
[2020/05/19 13:30:33 929] isr        1559 3200  1  
[2020/05/19 13:30:33 929] isr        1569 once_bytes:   3200  
[2020/05/19 13:30:33 931] isr        1639 ASR_MSG_SSE,   cloud  
[2020/05/19 13:30:33 931] isr        1356 session_end() [in]  
[2020/05/19 13:30:33 932] isr        1421 cloud_session_end() [in]  
[2020/05/19 13:30:33 933] isr        1488 ns_host=  open.xf-yun.com  
[2020/05/19 13:30:33 934] isr        1498 tick()mod=  74309504  
[2020/05/19 13:30:33 934] isr        1499 tick()=  74309504  
[2020/05/19 13:30:33 934] isr        1501 diff=  139  
[2020/05/19 13:30:33 934] isr        1514 cloud_session_end() [out]  
[2020/05/19 13:30:33 935] isr        1667 isr unload!  
============================================================
Time  2020/05/19 13:39:56 931 
============================================================
[2020/05/19 13:39:56 931] isr        1659 isr loaded!  
[2020/05/19 13:39:56 932] isr        1642 SYS_MSG_REGCB param0 =   msp_status_cb  param1 =   func(70068df0) 
[2020/05/19 13:39:56 932] isr        1537 ASR_MSG_SSB  
[2020/05/19 13:39:56 932] isr        1066 session_begin() [in], params:   sub = iat, domain = iat, language = zh_cn, accent = mandarin, sample_rate = 16000, result_type = plain, result_encoding = utf8  nil  
[2020/05/19 13:39:56 932] isr        927  vad_set [in]  
[2020/05/19 13:39:56 932] isr        962  vad_enable :  true  
[2020/05/19 13:39:56 932] isr        980  vad_bos :  10000  
[2020/05/19 13:39:56 932] isr        981  vad_eos :  2000  
[2020/05/19 13:39:56 932] isr        886  enable_vad [in]  
[2020/05/19 13:39:56 933] isr        918  vad enabled!  2000  10000  
[2020/05/19 13:39:56 933] isr        921  enable_vad [out]  
[2020/05/19 13:39:56 933] isr        987  vad_set [out] | ret =  0  
[2020/05/19 13:39:56 933] isr        1187 cur_engine_type =   cloud  
[2020/05/19 13:39:56 933] isr        1001 cloud_session_begin  
[2020/05/19 13:39:56 934] isr        1013 unknown  
[2020/05/19 13:39:57 172] isr        1547 ASR_MSG_AUW,   cloud  
[2020/05/19 13:39:57 172] isr        1559 3200  1  
[2020/05/19 13:39:57 172] isr        1569 once_bytes:   3200  
[2020/05/19 13:39:57 173] isr        1547 ASR_MSG_AUW,   cloud  
[2020/05/19 13:39:57 173] isr        1559 3200  2  
[2020/05/19 13:39:57 175] isr        851  [aud] speech start  
[2020/05/19 13:39:57 175] isr        798  1  msc  
[2020/05/19 13:39:57 225] isr        700  cloud_status_cb, eps:  1  
[2020/05/19 13:39:57 226] isr        798  1  cloud  
[2020/05/19 13:39:57 226] isr        813  cloud eps ignored  
[2020/05/19 13:39:57 332] isr        1547 ASR_MSG_AUW,   cloud  
[2020/05/19 13:39:57 332] isr        1559 3200  2  
[2020/05/19 13:39:57 333] isr        1547 ASR_MSG_AUW,   cloud  
[2020/05/19 13:39:57 333] isr        1559 3200  2  
[2020/05/19 13:39:57 495] isr        1547 ASR_MSG_AUW,   cloud  
[2020/05/19 13:39:57 495] isr        1559 3200  2  
[2020/05/19 13:39:57 652] isr        1547 ASR_MSG_AUW,   cloud  
[2020/05/19 13:39:57 652] isr        1559 3200  2  
[2020/05/19 13:39:57 654] isr        1547 ASR_MSG_AUW,   cloud  
[2020/05/19 13:39:57 654] isr        1559 3200  2  
[2020/05/19 13:39:57 816] isr        1547 ASR_MSG_AUW,   cloud  
[2020/05/19 13:39:57 817] isr        1559 3200  2  
[2020/05/19 13:39:57 979] isr        1547 ASR_MSG_AUW,   cloud  
[2020/05/19 13:39:57 980] isr        1559 3200  2  
[2020/05/19 13:39:57 981] isr        1547 ASR_MSG_AUW,   cloud  
[2020/05/19 13:39:57 981] isr        1559 3200  2  
[2020/05/19 13:39:58 143] isr        1547 ASR_MSG_AUW,   cloud  
[2020/05/19 13:39:58 143] isr        1559 3200  2  
[2020/05/19 13:39:58 144] isr        1547 ASR_MSG_AUW,   cloud  
[2020/05/19 13:39:58 144] isr        1559 3200  2  
[2020/05/19 13:39:58 292] isr        1547 ASR_MSG_AUW,   cloud  
[2020/05/19 13:39:58 292] isr        1559 3200  2  
[2020/05/19 13:39:58 456] isr        1547 ASR_MSG_AUW,   cloud  
[2020/05/19 13:39:58 456] isr        1559 3200  2  
[2020/05/19 13:39:58 457] isr        1547 ASR_MSG_AUW,   cloud  
[2020/05/19 13:39:58 457] isr        1559 3200  2  
[2020/05/19 13:39:58 620] isr        1547 ASR_MSG_AUW,   cloud  
[2020/05/19 13:39:58 620] isr        1559 3200  2  
[2020/05/19 13:39:58 784] isr        1547 ASR_MSG_AUW,   cloud  
[2020/05/19 13:39:58 784] isr        1559 3200  2  
[2020/05/19 13:39:58 786] isr        1547 ASR_MSG_AUW,   cloud  
[2020/05/19 13:39:58 786] isr        1559 3200  2  
[2020/05/19 13:39:58 947] isr        1547 ASR_MSG_AUW,   cloud  
[2020/05/19 13:39:58 948] isr        1559 3200  2  
[2020/05/19 13:39:58 949] isr        1547 ASR_MSG_AUW,   cloud  
[2020/05/19 13:39:58 949] isr        1559 3200  2  
[2020/05/19 13:39:59 112] isr        1547 ASR_MSG_AUW,   cloud  
[2020/05/19 13:39:59 112] isr        1559 3200  2  
[2020/05/19 13:39:59 275] isr        1547 ASR_MSG_AUW,   cloud  
[2020/05/19 13:39:59 275] isr        1559 3200  2  
[2020/05/19 13:39:59 276] isr        1547 ASR_MSG_AUW,   cloud  
[2020/05/19 13:39:59 276] isr        1559 3200  2  
[2020/05/19 13:39:59 438] isr        1547 ASR_MSG_AUW,   cloud  
[2020/05/19 13:39:59 438] isr        1559 3200  2  
[2020/05/19 13:39:59 440] isr        1547 ASR_MSG_AUW,   cloud  
[2020/05/19 13:39:59 440] isr        1559 3200  2  
[2020/05/19 13:39:59 573] isr        1547 ASR_MSG_AUW,   cloud  
[2020/05/19 13:39:59 574] isr        1559 3200  2  
[2020/05/19 13:39:59 736] isr        1547 ASR_MSG_AUW,   cloud  
[2020/05/19 13:39:59 737] isr        1559 3200  2  
[2020/05/19 13:39:59 738] isr        1547 ASR_MSG_AUW,   cloud  
[2020/05/19 13:39:59 738] isr        1559 3200  2  
[2020/05/19 13:39:59 900] isr        1547 ASR_MSG_AUW,   cloud  
[2020/05/19 13:39:59 900] isr        1559 3200  2  
[2020/05/19 13:40:00 063] isr        1547 ASR_MSG_AUW,   cloud  
[2020/05/19 13:40:00 063] isr        1559 3200  2  
[2020/05/19 13:40:00 065] isr        1547 ASR_MSG_AUW,   cloud  
[2020/05/19 13:40:00 065] isr        1559 3200  2  
[2020/05/19 13:40:00 116] isr        662  cloud_rslt_cb status =   0  
[2020/05/19 13:40:00 116] isr        641  process_result call:  cloud  udata(700088d8) 0  nil  
[2020/05/19 13:40:00 226] isr        1547 ASR_MSG_AUW,   cloud  
[2020/05/19 13:40:00 226] isr        1559 3200  2  
[2020/05/19 13:40:00 389] isr        1547 ASR_MSG_AUW,   cloud  
[2020/05/19 13:40:00 389] isr        1559 3200  2  
[2020/05/19 13:40:00 390] isr        1636 ASR_MSG_GRSLT,   cloud  
[2020/05/19 13:40:00 390] isr        1335 0  udata(700088d8) 0  
[2020/05/19 13:40:00 390] isr        1547 ASR_MSG_AUW,   cloud  
[2020/05/19 13:40:00 390] isr        1559 3200  2  
[2020/05/19 13:40:00 391] isr        1636 ASR_MSG_GRSLT,   cloud  
[2020/05/19 13:40:00 391] isr        1335 0  nil  2  
[2020/05/19 13:40:00 553] isr        1547 ASR_MSG_AUW,   cloud  
[2020/05/19 13:40:00 553] isr        1559 3200  2  
[2020/05/19 13:40:00 555] isr        1547 ASR_MSG_AUW,   cloud  
[2020/05/19 13:40:00 555] isr        1559 3200  2  
[2020/05/19 13:40:00 716] isr        1547 ASR_MSG_AUW,   cloud  
[2020/05/19 13:40:00 716] isr        1559 3200  2  
[2020/05/19 13:40:00 880] isr        1547 ASR_MSG_AUW,   cloud  
[2020/05/19 13:40:00 880] isr        1559 3200  2  
[2020/05/19 13:40:00 882] isr        1547 ASR_MSG_AUW,   cloud  
[2020/05/19 13:40:00 882] isr        1559 3200  2  
[2020/05/19 13:40:01 043] isr        1547 ASR_MSG_AUW,   cloud  
[2020/05/19 13:40:01 043] isr        1559 3200  2  
[2020/05/19 13:40:01 044] isr        1547 ASR_MSG_AUW,   cloud  
[2020/05/19 13:40:01 044] isr        1559 3200  2  
[2020/05/19 13:40:01 049] isr        854  [aud] speech end  
[2020/05/19 13:40:01 049] isr        798  3  msc  
[2020/05/19 13:40:01 049] isr        864  aud end, MSC VAD  
[2020/05/19 13:40:01 131] isr        700  cloud_status_cb, eps:  3  
[2020/05/19 13:40:01 132] isr        798  3  cloud  
[2020/05/19 13:40:01 132] isr        800  already speech end  
[2020/05/19 13:40:01 135] isr        662  cloud_rslt_cb status =   5  
[2020/05/19 13:40:01 135] isr        641  process_result call:  cloud  udata(700726f8) 5  nil  
[2020/05/19 13:40:01 135] isr        798  3  msc  
[2020/05/19 13:40:01 135] isr        800  already speech end  
[2020/05/19 13:40:01 207] isr        1547 ASR_MSG_AUW,   cloud  
[2020/05/19 13:40:01 208] isr        1559 3200  2  
[2020/05/19 13:40:01 209] isr        1636 ASR_MSG_GRSLT,   cloud  
[2020/05/19 13:40:01 209] isr        1335 0  udata(700726f8) 5  
[2020/05/19 13:40:01 310] isr        1639 ASR_MSG_SSE,   cloud  
[2020/05/19 13:40:01 310] isr        1356 session_end() [in]  
[2020/05/19 13:40:01 310] isr        1421 cloud_session_end() [in]  
[2020/05/19 13:40:01 312] isr        1488 ns_host=  open.xf-yun.com  
[2020/05/19 13:40:01 313] isr        1498 tick()mod=  74876883  
[2020/05/19 13:40:01 313] isr        1499 tick()=  74876883  
[2020/05/19 13:40:01 313] isr        1501 diff=  4284  
[2020/05/19 13:40:01 313] isr        1514 cloud_session_end() [out]  
[2020/05/19 13:40:01 314] isr        1667 isr unload!  
============================================================
Time  2020/05/19 13:40:28 052 
============================================================
[2020/05/19 13:40:28 052] isr        1659 isr loaded!  
[2020/05/19 13:40:28 052] isr        1642 SYS_MSG_REGCB param0 =   msp_status_cb  param1 =   func(1802f960) 
[2020/05/19 13:40:28 052] isr        1537 ASR_MSG_SSB  
[2020/05/19 13:40:28 052] isr        1066 session_begin() [in], params:   sub = iat, domain = iat, language = zh_cn, accent = mandarin, sample_rate = 16000, result_type = plain, result_encoding = utf8  nil  
[2020/05/19 13:40:28 052] isr        927  vad_set [in]  
[2020/05/19 13:40:28 052] isr        962  vad_enable :  true  
[2020/05/19 13:40:28 052] isr        980  vad_bos :  10000  
[2020/05/19 13:40:28 052] isr        981  vad_eos :  2000  
[2020/05/19 13:40:28 052] isr        886  enable_vad [in]  
[2020/05/19 13:40:28 053] isr        918  vad enabled!  2000  10000  
[2020/05/19 13:40:28 053] isr        921  enable_vad [out]  
[2020/05/19 13:40:28 053] isr        987  vad_set [out] | ret =  0  
[2020/05/19 13:40:28 053] isr        1187 cur_engine_type =   cloud  
[2020/05/19 13:40:28 053] isr        1001 cloud_session_begin  
[2020/05/19 13:40:28 053] isr        1013 unknown  
[2020/05/19 13:40:28 290] isr        1547 ASR_MSG_AUW,   cloud  
[2020/05/19 13:40:28 290] isr        1559 3200  1  
[2020/05/19 13:40:28 291] isr        1569 once_bytes:   3200  
[2020/05/19 13:40:28 292] isr        1547 ASR_MSG_AUW,   cloud  
[2020/05/19 13:40:28 292] isr        1559 3200  2  
[2020/05/19 13:40:28 294] isr        851  [aud] speech start  
[2020/05/19 13:40:28 294] isr        798  1  msc  
[2020/05/19 13:40:28 347] isr        700  cloud_status_cb, eps:  1  
[2020/05/19 13:40:28 347] isr        798  1  cloud  
[2020/05/19 13:40:28 347] isr        813  cloud eps ignored  
[2020/05/19 13:40:28 451] isr        1547 ASR_MSG_AUW,   cloud  
[2020/05/19 13:40:28 452] isr        1559 3200  2  
[2020/05/19 13:40:28 453] isr        1547 ASR_MSG_AUW,   cloud  
[2020/05/19 13:40:28 453] isr        1559 3200  2  
[2020/05/19 13:40:28 614] isr        1547 ASR_MSG_AUW,   cloud  
[2020/05/19 13:40:28 614] isr        1559 3200  2  
[2020/05/19 13:40:28 772] isr        1547 ASR_MSG_AUW,   cloud  
[2020/05/19 13:40:28 772] isr        1559 3200  2  
[2020/05/19 13:40:28 773] isr        1547 ASR_MSG_AUW,   cloud  
[2020/05/19 13:40:28 773] isr        1559 3200  2  
[2020/05/19 13:40:28 936] isr        1547 ASR_MSG_AUW,   cloud  
[2020/05/19 13:40:28 936] isr        1559 3200  2  
[2020/05/19 13:40:29 099] isr        1547 ASR_MSG_AUW,   cloud  
[2020/05/19 13:40:29 099] isr        1559 3200  2  
[2020/05/19 13:40:29 100] isr        1547 ASR_MSG_AUW,   cloud  
[2020/05/19 13:40:29 101] isr        1559 3200  2  
[2020/05/19 13:40:29 263] isr        1547 ASR_MSG_AUW,   cloud  
[2020/05/19 13:40:29 263] isr        1559 3200  2  
[2020/05/19 13:40:29 264] isr        1547 ASR_MSG_AUW,   cloud  
[2020/05/19 13:40:29 264] isr        1559 3200  2  
[2020/05/19 13:40:29 413] isr        1547 ASR_MSG_AUW,   cloud  
[2020/05/19 13:40:29 413] isr        1559 3200  2  
[2020/05/19 13:40:29 576] isr        1547 ASR_MSG_AUW,   cloud  
[2020/05/19 13:40:29 576] isr        1559 3200  2  
[2020/05/19 13:40:29 577] isr        1547 ASR_MSG_AUW,   cloud  
[2020/05/19 13:40:29 577] isr        1559 3200  2  
[2020/05/19 13:40:29 740] isr        1547 ASR_MSG_AUW,   cloud  
[2020/05/19 13:40:29 740] isr        1559 3200  2  
[2020/05/19 13:40:29 904] isr        1547 ASR_MSG_AUW,   cloud  
[2020/05/19 13:40:29 904] isr        1559 3200  2  
[2020/05/19 13:40:29 905] isr        1547 ASR_MSG_AUW,   cloud  
[2020/05/19 13:40:29 905] isr        1559 3200  2  
[2020/05/19 13:40:30 067] isr        1547 ASR_MSG_AUW,   cloud  
[2020/05/19 13:40:30 067] isr        1559 3200  2  
[2020/05/19 13:40:30 068] isr        1547 ASR_MSG_AUW,   cloud  
[2020/05/19 13:40:30 068] isr        1559 3200  2  
[2020/05/19 13:40:30 230] isr        1547 ASR_MSG_AUW,   cloud  
[2020/05/19 13:40:30 230] isr        1559 3200  2  
[2020/05/19 13:40:30 393] isr        1547 ASR_MSG_AUW,   cloud  
[2020/05/19 13:40:30 394] isr        1559 3200  2  
[2020/05/19 13:40:30 394] isr        1547 ASR_MSG_AUW,   cloud  
[2020/05/19 13:40:30 394] isr        1559 3200  2  
[2020/05/19 13:40:30 556] isr        1547 ASR_MSG_AUW,   cloud  
[2020/05/19 13:40:30 556] isr        1559 3200  2  
[2020/05/19 13:40:30 558] isr        1547 ASR_MSG_AUW,   cloud  
[2020/05/19 13:40:30 558] isr        1559 3200  2  
[2020/05/19 13:40:30 694] isr        1547 ASR_MSG_AUW,   cloud  
[2020/05/19 13:40:30 694] isr        1559 3200  2  
[2020/05/19 13:40:30 857] isr        1547 ASR_MSG_AUW,   cloud  
[2020/05/19 13:40:30 857] isr        1559 3200  2  
[2020/05/19 13:40:30 859] isr        1547 ASR_MSG_AUW,   cloud  
[2020/05/19 13:40:30 859] isr        1559 3200  2  
[2020/05/19 13:40:31 021] isr        1547 ASR_MSG_AUW,   cloud  
[2020/05/19 13:40:31 021] isr        1559 3200  2  
[2020/05/19 13:40:31 184] isr        1547 ASR_MSG_AUW,   cloud  
[2020/05/19 13:40:31 184] isr        1559 3200  2  
[2020/05/19 13:40:31 185] isr        1547 ASR_MSG_AUW,   cloud  
[2020/05/19 13:40:31 185] isr        1559 3200  2  
[2020/05/19 13:40:31 348] isr        1547 ASR_MSG_AUW,   cloud  
[2020/05/19 13:40:31 348] isr        1559 3200  2  
[2020/05/19 13:40:31 511] isr        1547 ASR_MSG_AUW,   cloud  
[2020/05/19 13:40:31 512] isr        1559 3200  2  
[2020/05/19 13:40:31 512] isr        1547 ASR_MSG_AUW,   cloud  
[2020/05/19 13:40:31 513] isr        1559 3200  2  
[2020/05/19 13:40:31 514] isr        854  [aud] speech end  
[2020/05/19 13:40:31 514] isr        798  3  msc  
[2020/05/19 13:40:31 514] isr        864  aud end, MSC VAD  
[2020/05/19 13:40:31 575] isr        700  cloud_status_cb, eps:  3  
[2020/05/19 13:40:31 575] isr        798  3  cloud  
[2020/05/19 13:40:31 575] isr        800  already speech end  
[2020/05/19 13:40:31 578] isr        662  cloud_rslt_cb status =   5  
[2020/05/19 13:40:31 578] isr        641  process_result call:  cloud  nil  5  nil  
[2020/05/19 13:40:31 578] isr        798  3  msc  
[2020/05/19 13:40:31 578] isr        800  already speech end  
[2020/05/19 13:40:31 674] isr        1547 ASR_MSG_AUW,   cloud  
[2020/05/19 13:40:31 674] isr        1559 3200  2  
[2020/05/19 13:40:31 676] isr        1636 ASR_MSG_GRSLT,   cloud  
[2020/05/19 13:40:31 676] isr        1335 0  nil  5  
[2020/05/19 13:40:31 778] isr        1639 ASR_MSG_SSE,   cloud  
[2020/05/19 13:40:31 778] isr        1356 session_end() [in]  
[2020/05/19 13:40:31 778] isr        1421 cloud_session_end() [in]  
[2020/05/19 13:40:31 780] isr        1488 ns_host=  open.xf-yun.com  
[2020/05/19 13:40:31 780] isr        1498 tick()mod=  74907350  
[2020/05/19 13:40:31 780] isr        1499 tick()=  74907351  
[2020/05/19 13:40:31 781] isr        1501 diff=  3614  
[2020/05/19 13:40:31 781] isr        1514 cloud_session_end() [out]  
[2020/05/19 13:40:31 781] isr        1667 isr unload!  
============================================================
Time  2020/05/19 13:40:54 232 
============================================================
[2020/05/19 13:40:54 232] isr        1659 isr loaded!  
[2020/05/19 13:40:54 233] isr        1642 SYS_MSG_REGCB param0 =   msp_status_cb  param1 =   func(7c02f960) 
[2020/05/19 13:40:54 233] isr        1537 ASR_MSG_SSB  
[2020/05/19 13:40:54 233] isr        1066 session_begin() [in], params:   sub = iat, domain = iat, language = zh_cn, accent = mandarin, sample_rate = 16000, result_type = plain, result_encoding = utf8  nil  
[2020/05/19 13:40:54 234] isr        927  vad_set [in]  
[2020/05/19 13:40:54 234] isr        962  vad_enable :  true  
[2020/05/19 13:40:54 234] isr        980  vad_bos :  10000  
[2020/05/19 13:40:54 234] isr        981  vad_eos :  2000  
[2020/05/19 13:40:54 234] isr        886  enable_vad [in]  
[2020/05/19 13:40:54 235] isr        918  vad enabled!  2000  10000  
[2020/05/19 13:40:54 235] isr        921  enable_vad [out]  
[2020/05/19 13:40:54 235] isr        987  vad_set [out] | ret =  0  
[2020/05/19 13:40:54 235] isr        1187 cur_engine_type =   cloud  
[2020/05/19 13:40:54 236] isr        1001 cloud_session_begin  
[2020/05/19 13:40:54 236] isr        1013 unknown  
[2020/05/19 13:40:54 434] isr        1547 ASR_MSG_AUW,   cloud  
[2020/05/19 13:40:54 435] isr        1559 3200  1  
[2020/05/19 13:40:54 435] isr        1569 once_bytes:   3200  
[2020/05/19 13:40:54 436] isr        1547 ASR_MSG_AUW,   cloud  
[2020/05/19 13:40:54 436] isr        1559 3200  2  
[2020/05/19 13:40:54 438] isr        851  [aud] speech start  
[2020/05/19 13:40:54 438] isr        798  1  msc  
[2020/05/19 13:40:54 497] isr        700  cloud_status_cb, eps:  1  
[2020/05/19 13:40:54 497] isr        798  1  cloud  
[2020/05/19 13:40:54 497] isr        813  cloud eps ignored  
[2020/05/19 13:40:54 598] isr        1547 ASR_MSG_AUW,   cloud  
[2020/05/19 13:40:54 598] isr        1559 3200  2  
[2020/05/19 13:40:54 761] isr        1547 ASR_MSG_AUW,   cloud  
[2020/05/19 13:40:54 761] isr        1559 3200  2  
[2020/05/19 13:40:54 764] isr        1547 ASR_MSG_AUW,   cloud  
[2020/05/19 13:40:54 764] isr        1559 3200  2  
[2020/05/19 13:40:54 924] isr        1547 ASR_MSG_AUW,   cloud  
[2020/05/19 13:40:54 925] isr        1559 3200  2  
[2020/05/19 13:40:55 088] isr        1547 ASR_MSG_AUW,   cloud  
[2020/05/19 13:40:55 089] isr        1559 3200  2  
[2020/05/19 13:40:55 090] isr        1547 ASR_MSG_AUW,   cloud  
[2020/05/19 13:40:55 090] isr        1559 3200  2  
[2020/05/19 13:40:55 252] isr        1547 ASR_MSG_AUW,   cloud  
[2020/05/19 13:40:55 252] isr        1559 3200  2  
[2020/05/19 13:40:55 254] isr        1547 ASR_MSG_AUW,   cloud  
[2020/05/19 13:40:55 254] isr        1559 3200  2  
[2020/05/19 13:40:55 416] isr        1547 ASR_MSG_AUW,   cloud  
[2020/05/19 13:40:55 416] isr        1559 3200  2  
[2020/05/19 13:40:55 580] isr        1547 ASR_MSG_AUW,   cloud  
[2020/05/19 13:40:55 580] isr        1559 3200  2  
[2020/05/19 13:40:55 581] isr        1547 ASR_MSG_AUW,   cloud  
[2020/05/19 13:40:55 581] isr        1559 3200  2  
[2020/05/19 13:40:55 743] isr        1547 ASR_MSG_AUW,   cloud  
[2020/05/19 13:40:55 743] isr        1559 3200  2  
[2020/05/19 13:40:55 744] isr        1547 ASR_MSG_AUW,   cloud  
[2020/05/19 13:40:55 744] isr        1559 3200  2  
[2020/05/19 13:40:55 907] isr        1547 ASR_MSG_AUW,   cloud  
[2020/05/19 13:40:55 907] isr        1559 3200  2  
[2020/05/19 13:40:56 070] isr        1547 ASR_MSG_AUW,   cloud  
[2020/05/19 13:40:56 070] isr        1559 3200  2  
[2020/05/19 13:40:56 071] isr        1547 ASR_MSG_AUW,   cloud  
[2020/05/19 13:40:56 071] isr        1559 3200  2  
[2020/05/19 13:40:56 233] isr        1547 ASR_MSG_AUW,   cloud  
[2020/05/19 13:40:56 233] isr        1559 3200  2  
[2020/05/19 13:40:56 235] isr        1547 ASR_MSG_AUW,   cloud  
[2020/05/19 13:40:56 235] isr        1559 3200  2  
[2020/05/19 13:40:56 396] isr        1547 ASR_MSG_AUW,   cloud  
[2020/05/19 13:40:56 397] isr        1559 3200  2  
[2020/05/19 13:40:56 560] isr        1547 ASR_MSG_AUW,   cloud  
[2020/05/19 13:40:56 561] isr        1559 3200  2  
[2020/05/19 13:40:56 562] isr        1547 ASR_MSG_AUW,   cloud  
[2020/05/19 13:40:56 562] isr        1559 3200  2  
[2020/05/19 13:40:56 723] isr        1547 ASR_MSG_AUW,   cloud  
[2020/05/19 13:40:56 723] isr        1559 3200  2  
[2020/05/19 13:40:56 877] isr        1547 ASR_MSG_AUW,   cloud  
[2020/05/19 13:40:56 877] isr        1559 3200  2  
[2020/05/19 13:40:56 878] isr        1547 ASR_MSG_AUW,   cloud  
[2020/05/19 13:40:56 878] isr        1559 3200  2  
[2020/05/19 13:40:57 041] isr        1547 ASR_MSG_AUW,   cloud  
[2020/05/19 13:40:57 041] isr        1559 3200  2  
[2020/05/19 13:40:57 042] isr        1547 ASR_MSG_AUW,   cloud  
[2020/05/19 13:40:57 042] isr        1559 3200  2  
[2020/05/19 13:40:57 204] isr        1547 ASR_MSG_AUW,   cloud  
[2020/05/19 13:40:57 205] isr        1559 3200  2  
[2020/05/19 13:40:57 367] isr        1547 ASR_MSG_AUW,   cloud  
[2020/05/19 13:40:57 368] isr        1559 3200  2  
[2020/05/19 13:40:57 369] isr        1547 ASR_MSG_AUW,   cloud  
[2020/05/19 13:40:57 369] isr        1559 3200  2  
[2020/05/19 13:40:57 531] isr        1547 ASR_MSG_AUW,   cloud  
[2020/05/19 13:40:57 531] isr        1559 3200  2  
[2020/05/19 13:40:57 532] isr        1547 ASR_MSG_AUW,   cloud  
[2020/05/19 13:40:57 532] isr        1559 3200  2  
[2020/05/19 13:40:57 694] isr        1547 ASR_MSG_AUW,   cloud  
[2020/05/19 13:40:57 694] isr        1559 3200  2  
[2020/05/19 13:40:57 858] isr        1547 ASR_MSG_AUW,   cloud  
[2020/05/19 13:40:57 858] isr        1559 3200  2  
[2020/05/19 13:40:57 859] isr        1547 ASR_MSG_AUW,   cloud  
[2020/05/19 13:40:57 859] isr        1559 3200  2  
[2020/05/19 13:40:58 022] isr        1547 ASR_MSG_AUW,   cloud  
[2020/05/19 13:40:58 022] isr        1559 3200  2  
[2020/05/19 13:40:58 185] isr        1547 ASR_MSG_AUW,   cloud  
[2020/05/19 13:40:58 185] isr        1559 3200  2  
[2020/05/19 13:40:58 186] isr        1547 ASR_MSG_AUW,   cloud  
[2020/05/19 13:40:58 186] isr        1559 3200  2  
[2020/05/19 13:40:58 348] isr        1547 ASR_MSG_AUW,   cloud  
[2020/05/19 13:40:58 348] isr        1559 3200  2  
[2020/05/19 13:40:58 350] isr        1547 ASR_MSG_AUW,   cloud  
[2020/05/19 13:40:58 350] isr        1559 3200  2  
[2020/05/19 13:40:58 511] isr        1547 ASR_MSG_AUW,   cloud  
[2020/05/19 13:40:58 512] isr        1559 3200  2  
[2020/05/19 13:40:58 583] isr        662  cloud_rslt_cb status =   0  
[2020/05/19 13:40:58 583] isr        641  process_result call:  cloud  udata(7c035578) 0  nil  
[2020/05/19 13:40:58 674] isr        1547 ASR_MSG_AUW,   cloud  
[2020/05/19 13:40:58 674] isr        1559 3200  2  
[2020/05/19 13:40:58 675] isr        1547 ASR_MSG_AUW,   cloud  
[2020/05/19 13:40:58 676] isr        1559 3200  2  
[2020/05/19 13:40:58 838] isr        1547 ASR_MSG_AUW,   cloud  
[2020/05/19 13:40:58 838] isr        1559 3200  2  
[2020/05/19 13:40:58 839] isr        1636 ASR_MSG_GRSLT,   cloud  
[2020/05/19 13:40:58 839] isr        1335 0  udata(7c035578) 0  
[2020/05/19 13:40:58 840] isr        1547 ASR_MSG_AUW,   cloud  
[2020/05/19 13:40:58 840] isr        1559 3200  2  
[2020/05/19 13:40:58 841] isr        1636 ASR_MSG_GRSLT,   cloud  
[2020/05/19 13:40:58 841] isr        1335 0  nil  2  
[2020/05/19 13:40:59 002] isr        1547 ASR_MSG_AUW,   cloud  
[2020/05/19 13:40:59 002] isr        1559 3200  2  
[2020/05/19 13:40:59 166] isr        1547 ASR_MSG_AUW,   cloud  
[2020/05/19 13:40:59 166] isr        1559 3200  2  
[2020/05/19 13:40:59 167] isr        1547 ASR_MSG_AUW,   cloud  
[2020/05/19 13:40:59 168] isr        1559 3200  2  
[2020/05/19 13:40:59 329] isr        1547 ASR_MSG_AUW,   cloud  
[2020/05/19 13:40:59 329] isr        1559 3200  2  
[2020/05/19 13:40:59 330] isr        1547 ASR_MSG_AUW,   cloud  
[2020/05/19 13:40:59 330] isr        1559 3200  2  
[2020/05/19 13:40:59 492] isr        1547 ASR_MSG_AUW,   cloud  
[2020/05/19 13:40:59 492] isr        1559 3200  2  
[2020/05/19 13:40:59 656] isr        1547 ASR_MSG_AUW,   cloud  
[2020/05/19 13:40:59 656] isr        1559 3200  2  
[2020/05/19 13:40:59 657] isr        1547 ASR_MSG_AUW,   cloud  
[2020/05/19 13:40:59 657] isr        1559 3200  2  
[2020/05/19 13:40:59 795] isr        1547 ASR_MSG_AUW,   cloud  
[2020/05/19 13:40:59 795] isr        1559 3200  2  
[2020/05/19 13:40:59 959] isr        1547 ASR_MSG_AUW,   cloud  
[2020/05/19 13:40:59 959] isr        1559 3200  2  
[2020/05/19 13:40:59 960] isr        1547 ASR_MSG_AUW,   cloud  
[2020/05/19 13:40:59 960] isr        1559 3200  2  
[2020/05/19 13:41:00 122] isr        1547 ASR_MSG_AUW,   cloud  
[2020/05/19 13:41:00 122] isr        1559 3200  2  
[2020/05/19 13:41:00 178] isr        662  cloud_rslt_cb status =   5  
[2020/05/19 13:41:00 179] isr        641  process_result call:  cloud  udata(7c034558) 5  nil  
[2020/05/19 13:41:00 179] isr        798  3  msc  
[2020/05/19 13:41:00 286] isr        1547 ASR_MSG_AUW,   cloud  
[2020/05/19 13:41:00 286] isr        1559 3200  2  
[2020/05/19 13:41:00 287] isr        1636 ASR_MSG_GRSLT,   cloud  
[2020/05/19 13:41:00 287] isr        1335 0  udata(7c034558) 5  
[2020/05/19 13:41:00 388] isr        1639 ASR_MSG_SSE,   cloud  
[2020/05/19 13:41:00 388] isr        1356 session_end() [in]  
[2020/05/19 13:41:00 388] isr        1421 cloud_session_end() [in]  
[2020/05/19 13:41:00 390] isr        1488 ns_host=  open.xf-yun.com  
[2020/05/19 13:41:00 390] isr        1498 tick()mod=  74935960  
[2020/05/19 13:41:00 390] isr        1499 tick()=  74935960  
[2020/05/19 13:41:00 390] isr        1501 diff=  6009  
[2020/05/19 13:41:00 390] isr        1514 cloud_session_end() [out]  
[2020/05/19 13:41:00 390] isr        1667 isr unload!  
