Performing C SOURCE FILE Test CMAKE_HAVE_LIBC_PTHREAD failed with the following output:
Change Dir: /home/ss/hcx/catkin_ws/build/CMakeFiles/CMakeTmp

Run Build Command(s):/usr/bin/make cmTC_e95ad/fast && /usr/bin/make  -f CMakeFiles/cmTC_e95ad.dir/build.make CMakeFiles/cmTC_e95ad.dir/build
make[1]: Entering directory '/home/ss/hcx/catkin_ws/build/CMakeFiles/CMakeTmp'
Building C object CMakeFiles/cmTC_e95ad.dir/src.c.o
/usr/bin/cc   -DCMAKE_HAVE_LIBC_PTHREAD   -o CMakeFiles/cmTC_e95ad.dir/src.c.o   -c /home/ss/hcx/catkin_ws/build/CMakeFiles/CMakeTmp/src.c
Linking C executable cmTC_e95ad
/usr/bin/cmake -E cmake_link_script CMakeFiles/cmTC_e95ad.dir/link.txt --verbose=1
/usr/bin/cc  -DCMAKE_HAVE_LIBC_PTHREAD    -rdynamic CMakeFiles/cmTC_e95ad.dir/src.c.o  -o cmTC_e95ad 
CMakeFiles/cmTC_e95ad.dir/src.c.o: In function `main':
src.c:(.text+0x3e): undefined reference to `pthread_create'
src.c:(.text+0x4a): undefined reference to `pthread_detach'
src.c:(.text+0x56): undefined reference to `pthread_cancel'
src.c:(.text+0x67): undefined reference to `pthread_join'
src.c:(.text+0x7b): undefined reference to `pthread_atfork'
collect2: error: ld returned 1 exit status
CMakeFiles/cmTC_e95ad.dir/build.make:106: recipe for target 'cmTC_e95ad' failed
make[1]: *** [cmTC_e95ad] Error 1
make[1]: Leaving directory '/home/ss/hcx/catkin_ws/build/CMakeFiles/CMakeTmp'
Makefile:141: recipe for target 'cmTC_e95ad/fast' failed
make: *** [cmTC_e95ad/fast] Error 2


Source file was:
#include <pthread.h>

void* test_func(void* data)
{
  return data;
}

int main(void)
{
  pthread_t thread;
  pthread_create(&thread, NULL, test_func, NULL);
  pthread_detach(thread);
  pthread_cancel(thread);
  pthread_join(thread, NULL);
  pthread_atfork(NULL, NULL, NULL);
  pthread_exit(NULL);

  return 0;
}

Determining if the function pthread_create exists in the pthreads failed with the following output:
Change Dir: /home/ss/hcx/catkin_ws/build/CMakeFiles/CMakeTmp

Run Build Command(s):/usr/bin/make cmTC_f1512/fast && /usr/bin/make  -f CMakeFiles/cmTC_f1512.dir/build.make CMakeFiles/cmTC_f1512.dir/build
make[1]: Entering directory '/home/ss/hcx/catkin_ws/build/CMakeFiles/CMakeTmp'
Building C object CMakeFiles/cmTC_f1512.dir/CheckFunctionExists.c.o
/usr/bin/cc   -DCHECK_FUNCTION_EXISTS=pthread_create   -o CMakeFiles/cmTC_f1512.dir/CheckFunctionExists.c.o   -c /usr/share/cmake-3.17/Modules/CheckFunctionExists.c
Linking C executable cmTC_f1512
/usr/bin/cmake -E cmake_link_script CMakeFiles/cmTC_f1512.dir/link.txt --verbose=1
/usr/bin/cc  -DCHECK_FUNCTION_EXISTS=pthread_create    -rdynamic CMakeFiles/cmTC_f1512.dir/CheckFunctionExists.c.o  -o cmTC_f1512  -lpthreads 
/usr/bin/ld: cannot find -lpthreads
collect2: error: ld returned 1 exit status
CMakeFiles/cmTC_f1512.dir/build.make:106: recipe for target 'cmTC_f1512' failed
make[1]: *** [cmTC_f1512] Error 1
make[1]: Leaving directory '/home/ss/hcx/catkin_ws/build/CMakeFiles/CMakeTmp'
Makefile:141: recipe for target 'cmTC_f1512/fast' failed
make: *** [cmTC_f1512/fast] Error 2



